c:\users\benj2\unity\colorharmony\colorharmony\samplerdll\samplerdll\samplerdll\x64\debug\samplerdll.pch
c:\users\benj2\unity\colorharmony\colorharmony\samplerdll\samplerdll\samplerdll\x64\debug\vc143.pdb
c:\users\benj2\unity\colorharmony\colorharmony\samplerdll\samplerdll\samplerdll\x64\debug\vc143.idb
c:\users\benj2\unity\colorharmony\colorharmony\samplerdll\samplerdll\samplerdll\x64\debug\pch.obj
c:\users\benj2\unity\colorharmony\colorharmony\samplerdll\samplerdll\samplerdll\x64\debug\sampler.obj
c:\users\benj2\unity\colorharmony\colorharmony\samplerdll\samplerdll\samplerdll\x64\debug\image.obj
c:\users\benj2\unity\colorharmony\colorharmony\samplerdll\samplerdll\samplerdll\x64\debug\dllmain.obj
c:\users\benj2\unity\colorharmony\colorharmony\samplerdll\samplerdll\samplerdll\x64\debug\converter.obj
c:\users\benj2\unity\colorharmony\colorharmony\samplerdll\samplerdll\samplerdll\x64\debug\samplerdll.ilk
c:\users\benj2\unity\colorharmony\colorharmony\samplerdll\samplerdll\x64\debug\samplerdll.dll
c:\users\benj2\unity\colorharmony\colorharmony\samplerdll\samplerdll\x64\debug\samplerdll.pdb
c:\users\benj2\unity\colorharmony\colorharmony\samplerdll\samplerdll\x64\debug\samplerdll.lib
c:\users\benj2\unity\colorharmony\colorharmony\samplerdll\samplerdll\x64\debug\samplerdll.exp
c:\users\benj2\unity\colorharmony\colorharmony\samplerdll\samplerdll\samplerdll\x64\debug\samplerdll.tlog\cl.command.1.tlog
c:\users\benj2\unity\colorharmony\colorharmony\samplerdll\samplerdll\samplerdll\x64\debug\samplerdll.tlog\cl.read.1.tlog
c:\users\benj2\unity\colorharmony\colorharmony\samplerdll\samplerdll\samplerdll\x64\debug\samplerdll.tlog\cl.write.1.tlog
c:\users\benj2\unity\colorharmony\colorharmony\samplerdll\samplerdll\samplerdll\x64\debug\samplerdll.tlog\link.command.1.tlog
c:\users\benj2\unity\colorharmony\colorharmony\samplerdll\samplerdll\samplerdll\x64\debug\samplerdll.tlog\link.read.1.tlog
c:\users\benj2\unity\colorharmony\colorharmony\samplerdll\samplerdll\samplerdll\x64\debug\samplerdll.tlog\link.write.1.tlog
c:\users\benj2\unity\colorharmony\colorharmony\samplerdll\samplerdll\samplerdll\x64\debug\samplerdll.tlog\link.write.2u.tlog
